<?xml version="1.0" encoding="UTF-8"?>
<!-- Generated by org.testng.reporters.JUnitReportReporter -->
<testsuite skipped="0" hostname="Lenovo-pc" name="Project.Project.acmelogin" tests="1" failures="0" timestamp="2019-10-12T15:32:22 IST" time="27.609" errors="0">
  <testcase name="acme" time="27.609" classname="Project.Project.acmelogin"/>
</testsuite> <!-- Project.Project.acmelogin -->
